<?xml version="1.0" encoding="UTF-8"?>
<!-- Generated by org.testng.reporters.JUnitReportReporter -->
<testsuite hostname="DESKTOP-SJB4H09" failures="0" tests="2" name="com.testannotations.TestAnnotations" time="0.068" errors="0" timestamp="2022-04-18T15:05:42 IST" skipped="0">
  <testcase classname="com.testannotations.TestAnnotations" name="Test2" time="0.027"/>
  <system-out/>
  <testcase classname="com.testannotations.TestAnnotations" name="Test1" time="0.041"/>
  <system-out/>
</testsuite> <!-- com.testannotations.TestAnnotations -->
