<?xml version="1.0" encoding="UTF-8"?>
<!-- Generated by org.testng.reporters.JUnitReportReporter -->
<testsuite hostname="DESKTOP-SJB4H09" failures="0" tests="3" name="asserte.Assertions" time="20.791" errors="0" timestamp="2022-04-21T00:47:26 IST" skipped="0">
  <testcase classname="asserte.Assertions" name="Launch" time="10.399"/>
  <system-out/>
  <testcase classname="asserte.Assertions" name="Login" time="4.521"/>
  <system-out/>
  <testcase classname="asserte.Assertions" name="Facebook" time="5.871"/>
  <system-out/>
</testsuite> <!-- asserte.Assertions -->
