<?xml version="1.0" encoding="UTF-8"?>
<!-- Generated by org.testng.reporters.JUnitReportReporter -->
<testsuite hostname="DESKTOP-7PNPJP0" failures="0" tests="3" name="asserte.Assertions" time="10.744" errors="0" timestamp="2022-04-26T04:12:11 IST" skipped="0">
  <testcase classname="asserte.Assertions" name="Login" time="3.198"/>
  <system-out/>
  <testcase classname="asserte.Assertions" name="Facebook" time="3.030"/>
  <system-out/>
  <testcase classname="asserte.Assertions" name="Launch" time="4.516"/>
  <system-out/>
</testsuite> <!-- asserte.Assertions -->
